PHP 8.3.10 (cli) (built: Sep 18 2024 13:38:02) (NTS)
Copyright (c) The PHP Group
Zend Engine v4.3.10, Copyright (c) Zend Technologies
    with Zend OPcache v8.3.10, Copyright (c), by Zend Technologies
2025-09-18 23:29:02 - Iniciando limpeza de login_attempts...
2025-09-18 23:29:02 - OK: removidas 0 linhas (retenção: 2 dias).
PHP 8.3.10 (cli) (built: Sep 18 2024 13:38:02) (NTS)
Copyright (c) The PHP Group
Zend Engine v4.3.10, Copyright (c) Zend Technologies
    with Zend OPcache v8.3.10, Copyright (c), by Zend Technologies
2025-09-18 23:30:02 - Iniciando limpeza de login_attempts...
2025-09-18 23:30:02 - OK: removidas 0 linhas (retenção: 2 dias).
PHP 8.3.10 (cli) (built: Sep 18 2024 13:38:02) (NTS)
Copyright (c) The PHP Group
Zend Engine v4.3.10, Copyright (c) Zend Technologies
    with Zend OPcache v8.3.10, Copyright (c), by Zend Technologies
2025-09-18 23:31:02 - Iniciando limpeza de login_attempts...
2025-09-18 23:31:02 - OK: removidas 0 linhas (retenção: 2 dias).
PHP 8.3.10 (cli) (built: Sep 18 2024 13:38:02) (NTS)
Copyright (c) The PHP Group
Zend Engine v4.3.10, Copyright (c) Zend Technologies
    with Zend OPcache v8.3.10, Copyright (c), by Zend Technologies
2025-09-18 23:32:01 - Iniciando limpeza de login_attempts...
2025-09-18 23:32:01 - OK: removidas 0 linhas (retenção: 2 dias).
PHP 8.3.10 (cli) (built: Sep 18 2024 13:38:02) (NTS)
Copyright (c) The PHP Group
Zend Engine v4.3.10, Copyright (c) Zend Technologies
    with Zend OPcache v8.3.10, Copyright (c), by Zend Technologies
2025-09-18 23:33:01 - Iniciando limpeza de login_attempts...
2025-09-18 23:33:01 - OK: removidas 0 linhas (retenção: 2 dias).
PHP 8.3.10 (cli) (built: Sep 18 2024 13:38:02) (NTS)
Copyright (c) The PHP Group
Zend Engine v4.3.10, Copyright (c) Zend Technologies
    with Zend OPcache v8.3.10, Copyright (c), by Zend Technologies
2025-09-18 23:34:02 - Iniciando limpeza de login_attempts...
2025-09-18 23:34:02 - OK: removidas 0 linhas (retenção: 2 dias).
PHP 8.3.10 (cli) (built: Sep 18 2024 13:38:02) (NTS)
Copyright (c) The PHP Group
Zend Engine v4.3.10, Copyright (c) Zend Technologies
    with Zend OPcache v8.3.10, Copyright (c), by Zend Technologies
PHP 8.3.10 (cli) (built: Sep 18 2024 13:38:02) (NTS)
Copyright (c) The PHP Group
Zend Engine v4.3.10, Copyright (c) Zend Technologies
    with Zend OPcache v8.3.10, Copyright (c), by Zend Technologies
PHP 8.3.10 (cli) (built: Sep 18 2024 13:38:02) (NTS)
Copyright (c) The PHP Group
Zend Engine v4.3.10, Copyright (c) Zend Technologies
    with Zend OPcache v8.3.10, Copyright (c), by Zend Technologies
PHP 8.3.10 (cli) (built: Sep 18 2024 13:38:02) (NTS)
Copyright (c) The PHP Group
Zend Engine v4.3.10, Copyright (c) Zend Technologies
    with Zend OPcache v8.3.10, Copyright (c), by Zend Technologies
